<html>
<head>
<title>TestNG:  TestNG logs sample</title>
<link href="../testng.css" rel="stylesheet" type="text/css" />
<link href="../my-testng.css" rel="stylesheet" type="text/css" />

<style type="text/css">
.log { display: none;} 
.stack-trace { display: none;} 
</style>
<script type="text/javascript">
<!--
function flip(e) {
  current = e.style.display;
  if (current == 'block') {
    e.style.display = 'none';
    return 0;
  }
  else {
    e.style.display = 'block';
    return 1;
  }
}

function toggleBox(szDivId, elem, msg1, msg2)
{
  var res = -1;  if (document.getElementById) {
    res = flip(document.getElementById(szDivId));
  }
  else if (document.all) {
    // this is the way old msie versions work
    res = flip(document.all[szDivId]);
  }
  if(elem) {
    if(res == 0) elem.innerHTML = msg1; else elem.innerHTML = msg2;
  }

}

function toggleAllBoxes() {
  if (document.getElementsByTagName) {
    d = document.getElementsByTagName('div');
    for (i = 0; i < d.length; i++) {
      if (d[i].className == 'log') {
        flip(d[i]);
      }
    }
  }
}

// -->
</script>

</head>
<body>
<h2 align='center'>TestNG logs sample</h2><table border='1' align="center">
<tr>
<td>Tests passed/Failed/Skipped:</td><td>1/0/2</td>
</tr><tr>
<td>Started on:</td><td>Wed Jun 20 23:48:16 IST 2018</td>
</tr>
<tr><td>Total time:</td><td>31 seconds (31022 ms)</td>
</tr><tr>
<td>Included groups:</td><td></td>
</tr><tr>
<td>Excluded groups:</td><td></td>
</tr>
</table><p/>
<small><i>(Hover the method name to see the test class name)</i></small><p/>
<table width='100%' border='1' class='invocation-failed'>
<tr><td colspan='4' align='center'><b>FAILED CONFIGURATIONS</b></td></tr>
<tr><td><b>Test method</b></td>
<td width="30%"><b>Exception</b></td>
<td width="10%"><b>Time (seconds)</b></td>
<td><b>Instance</b></td>
</tr>
<tr>
<td title='testpakage.WebTest1.tearDown()'><b>tearDown</b><br>Test class: testpakage.WebTest1</td>
<td><div><pre>java.lang.AssertionError: Cannot provide the input please stick to the UI constraints.

	at testpakage.WebTest1.tearDown(WebTest1.java:897)
... Removed 27 stack frames</pre></div><a href='#' onClick='toggleBox("stack-trace1892627171", this, "Click to show all stack frames", "Click to hide stack frames")'>Click to show all stack frames</a>
<div class='stack-trace' id='stack-trace1892627171'><pre>java.lang.AssertionError: Cannot provide the input please stick to the UI constraints.

	at org.testng.Assert.fail(Assert.java:94)
	at testpakage.WebTest1.tearDown(WebTest1.java:897)
	at sun.reflect.NativeMethodAccessorImpl.invoke0(Native Method)
	at sun.reflect.NativeMethodAccessorImpl.invoke(Unknown Source)
	at sun.reflect.DelegatingMethodAccessorImpl.invoke(Unknown Source)
	at java.lang.reflect.Method.invoke(Unknown Source)
	at org.testng.internal.MethodInvocationHelper.invokeMethod(MethodInvocationHelper.java:85)
	at org.testng.internal.Invoker.invokeConfigurationMethod(Invoker.java:552)
	at org.testng.internal.Invoker.invokeConfigurations(Invoker.java:215)
	at org.testng.internal.Invoker.invokeMethod(Invoker.java:769)
	at org.testng.internal.Invoker.invokeTestMethod(Invoker.java:882)
	at org.testng.internal.Invoker.invokeTestMethods(Invoker.java:1189)
	at org.testng.internal.TestMethodWorker.invokeTestMethods(TestMethodWorker.java:124)
	at org.testng.internal.TestMethodWorker.run(TestMethodWorker.java:108)
	at org.testng.TestRunner.privateRun(TestRunner.java:767)
	at org.testng.TestRunner.run(TestRunner.java:617)
	at org.testng.SuiteRunner.runTest(SuiteRunner.java:348)
	at org.testng.SuiteRunner.runSequentially(SuiteRunner.java:343)
	at org.testng.SuiteRunner.privateRun(SuiteRunner.java:305)
	at org.testng.SuiteRunner.run(SuiteRunner.java:254)
	at org.testng.SuiteRunnerWorker.runSuite(SuiteRunnerWorker.java:52)
	at org.testng.SuiteRunnerWorker.run(SuiteRunnerWorker.java:86)
	at org.testng.TestNG.runSuitesSequentially(TestNG.java:1224)
	at org.testng.TestNG.runSuitesLocally(TestNG.java:1149)
	at org.testng.TestNG.run(TestNG.java:1057)
	at org.testng.remote.AbstractRemoteTestNG.run(AbstractRemoteTestNG.java:114)
	at org.testng.remote.RemoteTestNG.initAndRun(RemoteTestNG.java:251)
	at org.testng.remote.RemoteTestNG.main(RemoteTestNG.java:77)
</pre></div></td>
<td>0</td>
<td>testpakage.WebTest1@53f65459</td></tr>
</table><p>
<table width='100%' border='1' class='invocation-skipped'>
<tr><td colspan='4' align='center'><b>SKIPPED CONFIGURATIONS</b></td></tr>
<tr><td><b>Test method</b></td>
<td width="30%"><b>Exception</b></td>
<td width="10%"><b>Time (seconds)</b></td>
<td><b>Instance</b></td>
</tr>
<tr>
<td title='testpakage.WebTest1.driverSetUp()'><b>driverSetUp</b><br>Test class: testpakage.WebTest1</td>
<td></td>
<td>0</td>
<td>testpakage.WebTest1@53f65459</td></tr>
<tr>
<td title='testpakage.WebTest1.driverSetUp()'><b>driverSetUp</b><br>Test class: testpakage.WebTest1</td>
<td></td>
<td>0</td>
<td>testpakage.WebTest1@53f65459</td></tr>
<tr>
<td title='testpakage.WebTest1.tearDown()'><b>tearDown</b><br>Test class: testpakage.WebTest1</td>
<td></td>
<td>0</td>
<td>testpakage.WebTest1@53f65459</td></tr>
<tr>
<td title='testpakage.WebTest1.tearDown()'><b>tearDown</b><br>Test class: testpakage.WebTest1</td>
<td></td>
<td>0</td>
<td>testpakage.WebTest1@53f65459</td></tr>
</table><p>
<table width='100%' border='1' class='invocation-passed'>
<tr><td colspan='4' align='center'><b>PASSED TESTS</b></td></tr>
<tr><td><b>Test method</b></td>
<td width="30%"><b>Exception</b></td>
<td width="10%"><b>Time (seconds)</b></td>
<td><b>Instance</b></td>
</tr>
<tr>
<td title='testpakage.WebTest1.addAddressBook()'><b>addAddressBook</b><br>Test class: testpakage.WebTest1<br/>
<a href="#Output-335708295" onClick='toggleBox("Output-335708295", this, "Show output", "Hide output");'>Show output</a>

<a href="#Output-335708295" onClick="toggleAllBoxes();">Show all outputs</a>
<div class='log' id="Output-335708295">
Test test case will add the address book details<br/>
</div>
</td>
<td></td>
<td>21</td>
<td>testpakage.WebTest1@53f65459</td></tr>
</table><p>
<table width='100%' border='1' class='invocation-skipped'>
<tr><td colspan='4' align='center'><b>SKIPPED TESTS</b></td></tr>
<tr><td><b>Test method</b></td>
<td width="30%"><b>Exception</b></td>
<td width="10%"><b>Time (seconds)</b></td>
<td><b>Instance</b></td>
</tr>
<tr>
<td title='testpakage.WebTest1.deleteAddressBook()'><b>deleteAddressBook</b><br>Test class: testpakage.WebTest1</td>
<td></td>
<td>0</td>
<td>testpakage.WebTest1@53f65459</td></tr>
<tr>
<td title='testpakage.WebTest1.updateAddressBook()'><b>updateAddressBook</b><br>Test class: testpakage.WebTest1</td>
<td></td>
<td>0</td>
<td>testpakage.WebTest1@53f65459</td></tr>
</table><p>
</body>
</html>