<?xml version="1.0" encoding="UTF-8"?>
<testsuite name="TestNG logs sample"
           tests="8"
           failures="1"
           errors="0"
           skipped="6"
           time="21.849">
  <properties />
            <testcase name="tearDown" time="0.000" classname="testpakage.WebTest1">
                <failure type="java.lang.AssertionError"
                  message="Cannot provide the input please stick to the UI constraints.
"
              >
<![CDATA[java.lang.AssertionError: Cannot provide the input please stick to the UI constraints.

  org.testng.Assert.fail(Assert.java:94)
  testpakage.WebTest1.tearDown(WebTest1.java:897)
  sun.reflect.NativeMethodAccessorImpl.invoke0(Native Method)
  sun.reflect.NativeMethodAccessorImpl.invoke(Unknown Source)
  sun.reflect.DelegatingMethodAccessorImpl.invoke(Unknown Source)
  java.lang.reflect.Method.invoke(Unknown Source)
  org.testng.internal.MethodInvocationHelper.invokeMethod(MethodInvocationHelper.java:85)
  org.testng.internal.Invoker.invokeConfigurationMethod(Invoker.java:552)
  org.testng.internal.Invoker.invokeConfigurations(Invoker.java:215)
  org.testng.internal.Invoker.invokeMethod(Invoker.java:769)
  org.testng.internal.Invoker.invokeTestMethod(Invoker.java:882)
  org.testng.internal.Invoker.invokeTestMethods(Invoker.java:1189)
  org.testng.internal.TestMethodWorker.invokeTestMethods(TestMethodWorker.java:124)
  org.testng.internal.TestMethodWorker.run(TestMethodWorker.java:108)
  org.testng.TestRunner.privateRun(TestRunner.java:767)
  org.testng.TestRunner.run(TestRunner.java:617)
  org.testng.SuiteRunner.runTest(SuiteRunner.java:348)
  org.testng.SuiteRunner.runSequentially(SuiteRunner.java:343)
  org.testng.SuiteRunner.privateRun(SuiteRunner.java:305)
  org.testng.SuiteRunner.run(SuiteRunner.java:254)
  org.testng.SuiteRunnerWorker.runSuite(SuiteRunnerWorker.java:52)
  org.testng.SuiteRunnerWorker.run(SuiteRunnerWorker.java:86)
  org.testng.TestNG.runSuitesSequentially(TestNG.java:1224)
  org.testng.TestNG.runSuitesLocally(TestNG.java:1149)
  org.testng.TestNG.run(TestNG.java:1057)
  org.testng.remote.AbstractRemoteTestNG.run(AbstractRemoteTestNG.java:114)
  org.testng.remote.RemoteTestNG.initAndRun(RemoteTestNG.java:251)
  org.testng.remote.RemoteTestNG.main(RemoteTestNG.java:77)
]]>
      </failure>

          </testcase>
  
            <testcase name="driverSetUp" time="0.0" classname="testpakage.WebTest1">
          <skipped />
    </testcase>
            <testcase name="tearDown" time="0.0" classname="testpakage.WebTest1">
          <skipped />
    </testcase>
            <testcase name="driverSetUp" time="0.0" classname="testpakage.WebTest1">
          <skipped />
    </testcase>
            <testcase name="tearDown" time="0.0" classname="testpakage.WebTest1">
          <skipped />
    </testcase>
            <testcase name="deleteAddressBook" time="0.0" classname="testpakage.WebTest1">
          <skipped />
    </testcase>
            <testcase name="updateAddressBook" time="0.0" classname="testpakage.WebTest1">
          <skipped />
    </testcase>
  
            <testcase name="addAddressBook" time="21.842" classname="testpakage.WebTest1" />
      
</testsuite>
